0 info it worked if it ends with ok
1 verbose cli [ '/usr/bin/node', '/usr/bin/npm', 'install', 'mup@0.11.0', '-g' ]
2 info using npm@1.4.28
3 info using node@v0.10.36
4 verbose node symlink /usr/bin/node
5 verbose cache add [ 'mup@0.11.0', null ]
6 verbose cache add name=undefined spec="mup@0.11.0" args=["mup@0.11.0",null]
7 verbose parsed url { protocol: null,
7 verbose parsed url   slashes: null,
7 verbose parsed url   auth: null,
7 verbose parsed url   host: null,
7 verbose parsed url   port: null,
7 verbose parsed url   hostname: null,
7 verbose parsed url   hash: null,
7 verbose parsed url   search: null,
7 verbose parsed url   query: null,
7 verbose parsed url   pathname: 'mup@0.11.0',
7 verbose parsed url   path: 'mup@0.11.0',
7 verbose parsed url   href: 'mup@0.11.0' }
8 verbose cache add name="mup" spec="0.11.0" args=["mup","0.11.0"]
9 verbose parsed url { protocol: null,
9 verbose parsed url   slashes: null,
9 verbose parsed url   auth: null,
9 verbose parsed url   host: null,
9 verbose parsed url   port: null,
9 verbose parsed url   hostname: null,
9 verbose parsed url   hash: null,
9 verbose parsed url   search: null,
9 verbose parsed url   query: null,
9 verbose parsed url   pathname: '0.11.0',
9 verbose parsed url   path: '0.11.0',
9 verbose parsed url   href: '0.11.0' }
10 verbose addNamed [ 'mup', '0.11.0' ]
11 verbose addNamed [ '0.11.0', '0.11.0' ]
12 silly lockFile c1590424-mup-0-11-0 mup@0.11.0
13 verbose lock mup@0.11.0 /home/zhdan/.npm/c1590424-mup-0-11-0.lock
14 verbose request where is /mup
15 verbose request registry https://registry.npmjs.org/
16 verbose request id 8b38b70f7c997c5a
17 verbose url raw /mup
18 verbose url resolving [ 'https://registry.npmjs.org/', './mup' ]
19 verbose url resolved https://registry.npmjs.org/mup
20 verbose request where is https://registry.npmjs.org/mup
21 info trying registry request attempt 1 at 13:56:51
22 http GET https://registry.npmjs.org/mup
23 info retry will retry, error on last attempt: Error: tunneling socket could not be established, cause=getaddrinfo ENOTFOUND
24 info trying registry request attempt 2 at 13:57:13
25 http GET https://registry.npmjs.org/mup
26 info retry will retry, error on last attempt: Error: tunneling socket could not be established, cause=getaddrinfo ENOTFOUND
27 info trying registry request attempt 3 at 13:58:26
28 http GET https://registry.npmjs.org/mup
29 silly lockFile c1590424-mup-0-11-0 mup@0.11.0
30 silly lockFile c1590424-mup-0-11-0 mup@0.11.0
31 error network tunneling socket could not be established, cause=getaddrinfo ENOTFOUND
31 error network This is most likely not a problem with npm itself
31 error network and is related to network connectivity.
31 error network In most cases you are behind a proxy or have bad network settings.
31 error network
31 error network If you are behind a proxy, please make sure that the
31 error network 'proxy' config is set properly.  See: 'npm help config'
32 error System Linux 3.16.0-45-generic
33 error command "/usr/bin/node" "/usr/bin/npm" "install" "mup@0.11.0" "-g"
34 error cwd /home/zhdan/draka_quality_control
35 error node -v v0.10.36
36 error npm -v 1.4.28
37 error code ECONNRESET
38 verbose exit [ 1, true ]
